#
# There is insufficient memory for the Java Runtime Environment to continue.
# Native memory allocation (malloc) failed to allocate 403936 bytes. Error detail: Chunk::new
# Possible reasons:
#   The system is out of physical RAM or swap space
#   This process is running with CompressedOops enabled, and the Java Heap may be blocking the growth of the native heap
# Possible solutions:
#   Reduce memory load on the system
#   Increase physical memory or swap space
#   Check if swap backing store is full
#   Decrease Java heap size (-Xmx/-Xms)
#   Decrease number of Java threads
#   Decrease Java thread stack sizes (-Xss)
#   Set larger code cache with -XX:ReservedCodeCacheSize=
#   JVM is running with Unscaled Compressed Oops mode in which the Java heap is
#     placed in the first 4GB address space. The Java Heap base address is the
#     maximum limit for the native heap growth. Please use -XX:HeapBaseMinAddress
#     to set the Java Heap base and to place the Java Heap above 4GB virtual address.
# This output file may be truncated or incomplete.
#
#  Out of Memory Error (arena.cpp:168), pid=15996, tid=1816
#
# JRE version: OpenJDK Runtime Environment Temurin-21.0.8+9 (21.0.8+9) (build 21.0.8+9-LTS)
# Java VM: OpenJDK 64-Bit Server VM Temurin-21.0.8+9 (21.0.8+9-LTS, mixed mode, sharing, tiered, compressed oops, compressed class ptrs, g1 gc, windows-amd64)
# No core dump will be written. Minidumps are not enabled by default on client versions of Windows
#

---------------  S U M M A R Y ------------

Command Line: --enable-native-access=ALL-UNNAMED -Dclassworlds.conf=C:\Users\jorge\Apache\apache-maven-3.9.11\bin\m2.conf -Dmaven.home=C:\Users\jorge\Apache\apache-maven-3.9.11 -Dlibrary.jansi.path=C:\Users\jorge\Apache\apache-maven-3.9.11\lib\jansi-native -Dmaven.multiModuleProjectDirectory=C:\Users\jorge\Desktop\Projetos\Java\PetConnect org.codehaus.plexus.classworlds.launcher.Launcher -Dexec.args=-classpath %classpath exemplo.jpa.TesteJPA -Dexec.executable=C:\Program Files\Java\jdk-21.0.8+9\bin\java.exe -Dexec.workingdir= -Dexec.vmArgs= -Dexec.appArgs= -Dmaven.ext.class.path=C:\Program Files\NetBeans-25\netbeans\java\maven-nblib\netbeans-eventspy.jar --no-transfer-progress process-classes org.codehaus.mojo:exec-maven-plugin:3.0.0:exec

Host: 11th Gen Intel(R) Core(TM) i5-1135G7 @ 2.40GHz, 8 cores, 7G,  Windows 11 , 64 bit Build 26100 (10.0.26100.6725)
Time: Tue Nov 11 13:41:15 2025 Hora Padrão de Buenos Aires elapsed time: 3.888807 seconds (0d 0h 0m 3s)

---------------  T H R E A D  ---------------

Current thread (0x0000023699b29940):  JavaThread "C2 CompilerThread0" daemon [_thread_in_native, id=1816, stack(0x0000007b39a00000,0x0000007b39b00000) (1024K)]


Current CompileTask:
C2:3888 2021       4       jdk.internal.org.objectweb.asm.Frame::execute (2305 bytes)

Stack: [0x0000007b39a00000,0x0000007b39b00000]
Native frames: (J=compiled Java code, j=interpreted, Vv=VM code, C=native code)
V  [jvm.dll+0x6d2449]
V  [jvm.dll+0x8ae341]
V  [jvm.dll+0x8b08be]
V  [jvm.dll+0x8b0fa3]
V  [jvm.dll+0x280c96]
V  [jvm.dll+0xc581d]
V  [jvm.dll+0xc5d53]
V  [jvm.dll+0x3b919c]
V  [jvm.dll+0x1e1409]
V  [jvm.dll+0x249022]
V  [jvm.dll+0x2484af]
V  [jvm.dll+0x1c89ee]
V  [jvm.dll+0x257d4d]
V  [jvm.dll+0x2562ea]
V  [jvm.dll+0x3f2d16]
V  [jvm.dll+0x857e6b]
V  [jvm.dll+0x6d0b0d]
C  [ucrtbase.dll+0x37b0]
C  [KERNEL32.DLL+0x2e8d7]
C  [ntdll.dll+0x8c53c]


---------------  P R O C E S S  ---------------

Threads class SMR info:
_java_thread_list=0x00000236dfdb5210, length=12, elements={
0x00000236fcf4f690, 0x0000023699b1c1e0, 0x0000023699b1cc30, 0x0000023699b1f830,
0x0000023699b214f0, 0x0000023699b221c0, 0x0000023699b243c0, 0x0000023699b29940,
0x0000023699b318e0, 0x0000023699d046c0, 0x0000023699d090b0, 0x00000236df799810
}

Java Threads: ( => current thread )
  0x00000236fcf4f690 JavaThread "main"                              [_thread_in_Java, id=18784, stack(0x0000007b38c00000,0x0000007b38d00000) (1024K)]
  0x0000023699b1c1e0 JavaThread "Reference Handler"          daemon [_thread_blocked, id=4292, stack(0x0000007b39400000,0x0000007b39500000) (1024K)]
  0x0000023699b1cc30 JavaThread "Finalizer"                  daemon [_thread_blocked, id=23684, stack(0x0000007b39500000,0x0000007b39600000) (1024K)]
  0x0000023699b1f830 JavaThread "Signal Dispatcher"          daemon [_thread_blocked, id=7996, stack(0x0000007b39600000,0x0000007b39700000) (1024K)]
  0x0000023699b214f0 JavaThread "Attach Listener"            daemon [_thread_blocked, id=13600, stack(0x0000007b39700000,0x0000007b39800000) (1024K)]
  0x0000023699b221c0 JavaThread "Service Thread"             daemon [_thread_blocked, id=24472, stack(0x0000007b39800000,0x0000007b39900000) (1024K)]
  0x0000023699b243c0 JavaThread "Monitor Deflation Thread"   daemon [_thread_blocked, id=17316, stack(0x0000007b39900000,0x0000007b39a00000) (1024K)]
=>0x0000023699b29940 JavaThread "C2 CompilerThread0"         daemon [_thread_in_native, id=1816, stack(0x0000007b39a00000,0x0000007b39b00000) (1024K)]
  0x0000023699b318e0 JavaThread "C1 CompilerThread0"         daemon [_thread_blocked, id=18768, stack(0x0000007b39b00000,0x0000007b39c00000) (1024K)]
  0x0000023699d046c0 JavaThread "Notification Thread"        daemon [_thread_blocked, id=18644, stack(0x0000007b39c00000,0x0000007b39d00000) (1024K)]
  0x0000023699d090b0 JavaThread "Common-Cleaner"             daemon [_thread_blocked, id=10192, stack(0x0000007b39d00000,0x0000007b39e00000) (1024K)]
  0x00000236df799810 JavaThread "C2 CompilerThread1"         daemon [_thread_blocked, id=2396, stack(0x0000007b39e00000,0x0000007b39f00000) (1024K)]
Total: 12

Other Threads:
  0x0000023699afc700 VMThread "VM Thread"                           [id=20896, stack(0x0000007b39300000,0x0000007b39400000) (1024K)]
  0x0000023699aeba10 WatcherThread "VM Periodic Task Thread"        [id=7684, stack(0x0000007b39200000,0x0000007b39300000) (1024K)]
  0x00000236fcfa03b0 WorkerThread "GC Thread#0"                     [id=21956, stack(0x0000007b38d00000,0x0000007b38e00000) (1024K)]
  0x00000236df395b80 WorkerThread "GC Thread#1"                     [id=9900, stack(0x0000007b3a000000,0x0000007b3a100000) (1024K)]
  0x00000236e002f5b0 WorkerThread "GC Thread#2"                     [id=4764, stack(0x0000007b3a100000,0x0000007b3a200000) (1024K)]
  0x00000236df9b0e60 WorkerThread "GC Thread#3"                     [id=20560, stack(0x0000007b3a200000,0x0000007b3a300000) (1024K)]
  0x00000236dfd5c8b0 WorkerThread "GC Thread#4"                     [id=24932, stack(0x0000007b3a300000,0x0000007b3a400000) (1024K)]
  0x00000236dfdc9630 WorkerThread "GC Thread#5"                     [id=23768, stack(0x0000007b3a400000,0x0000007b3a500000) (1024K)]
  0x00000236dfdc99d0 WorkerThread "GC Thread#6"                     [id=19664, stack(0x0000007b3a500000,0x0000007b3a600000) (1024K)]
  0x00000236dfc62f90 WorkerThread "GC Thread#7"                     [id=23640, stack(0x0000007b3a600000,0x0000007b3a700000) (1024K)]
  0x00000236fcfb0bc0 ConcurrentGCThread "G1 Main Marker"            [id=17296, stack(0x0000007b38e00000,0x0000007b38f00000) (1024K)]
  0x00000236fcfb31a0 WorkerThread "G1 Conc#0"                       [id=25612, stack(0x0000007b38f00000,0x0000007b39000000) (1024K)]
  0x00000236fd00e590 ConcurrentGCThread "G1 Refine#0"               [id=19420, stack(0x0000007b39000000,0x0000007b39100000) (1024K)]
  0x00000236999b4180 ConcurrentGCThread "G1 Service"                [id=24336, stack(0x0000007b39100000,0x0000007b39200000) (1024K)]
Total: 14

Threads with active compile tasks:
C2 CompilerThread0  3918 2021       4       jdk.internal.org.objectweb.asm.Frame::execute (2305 bytes)
C1 CompilerThread0  3919 2085       3       java.util.concurrent.atomic.AtomicReferenceArray::set (13 bytes)
Total: 2

VM state: not at safepoint (normal execution)

VM Mutex/Monitor currently owned by a thread: None

Heap address: 0x0000000084200000, size: 1982 MB, Compressed Oops mode: 32-bit

CDS archive(s) mapped at: [0x000002369a000000-0x000002369ac80000-0x000002369ac80000), size 13107200, SharedBaseAddress: 0x000002369a000000, ArchiveRelocationMode: 1.
Compressed class space mapped at: 0x000002369b000000-0x00000236db000000, reserved size: 1073741824
Narrow klass base: 0x000002369a000000, Narrow klass shift: 0, Narrow klass range: 0x100000000

GC Precious Log:
 CardTable entry size: 512
 Card Set container configuration: InlinePtr #cards 5 size 8 Array Of Cards #cards 12 size 40 Howl #buckets 4 coarsen threshold 1843 Howl Bitmap #cards 512 size 80 coarsen threshold 460 Card regions per heap region 1 cards per card region 2048
 CPUs: 8 total, 8 available
 Memory: 7926M
 Large Page Support: Disabled
 NUMA Support: Disabled
 Compressed Oops: Enabled (32-bit)
 Heap Region Size: 1M
 Heap Min Capacity: 8M
 Heap Initial Capacity: 124M
 Heap Max Capacity: 1982M
 Pre-touch: Disabled
 Parallel Workers: 8
 Concurrent Workers: 2
 Concurrent Refinement Workers: 8
 Periodic GC: Disabled

Heap:
 garbage-first heap   total 126976K, used 12735K [0x0000000084200000, 0x0000000100000000)
  region size 1024K, 10 young (10240K), 2 survivors (2048K)
 Metaspace       used 11337K, committed 11520K, reserved 1114112K
  class space    used 1376K, committed 1472K, reserved 1048576K

Heap Regions: E=young(eden), S=young(survivor), O=old, HS=humongous(starts), HC=humongous(continues), CS=collection set, F=free, TAMS=top-at-mark-start, PB=parsable bottom
|   0|0x0000000084200000, 0x0000000084300000, 0x0000000084300000|100%| O|  |TAMS 0x0000000084200000| PB 0x0000000084200000| Untracked 
|   1|0x0000000084300000, 0x0000000084400000, 0x0000000084400000|100%| O|  |TAMS 0x0000000084300000| PB 0x0000000084300000| Untracked 
|   2|0x0000000084400000, 0x0000000084500000, 0x0000000084500000|100%| O|  |TAMS 0x0000000084400000| PB 0x0000000084400000| Untracked 
|   3|0x0000000084500000, 0x00000000845b2340, 0x0000000084600000| 69%| O|  |TAMS 0x0000000084500000| PB 0x0000000084500000| Untracked 
|   4|0x0000000084600000, 0x0000000084600000, 0x0000000084700000|  0%| F|  |TAMS 0x0000000084600000| PB 0x0000000084600000| Untracked 
|   5|0x0000000084700000, 0x0000000084700000, 0x0000000084800000|  0%| F|  |TAMS 0x0000000084700000| PB 0x0000000084700000| Untracked 
|   6|0x0000000084800000, 0x0000000084800000, 0x0000000084900000|  0%| F|  |TAMS 0x0000000084800000| PB 0x0000000084800000| Untracked 
|   7|0x0000000084900000, 0x0000000084900000, 0x0000000084a00000|  0%| F|  |TAMS 0x0000000084900000| PB 0x0000000084900000| Untracked 
|   8|0x0000000084a00000, 0x0000000084a00000, 0x0000000084b00000|  0%| F|  |TAMS 0x0000000084a00000| PB 0x0000000084a00000| Untracked 
|   9|0x0000000084b00000, 0x0000000084b00000, 0x0000000084c00000|  0%| F|  |TAMS 0x0000000084b00000| PB 0x0000000084b00000| Untracked 
|  10|0x0000000084c00000, 0x0000000084c00000, 0x0000000084d00000|  0%| F|  |TAMS 0x0000000084c00000| PB 0x0000000084c00000| Untracked 
|  11|0x0000000084d00000, 0x0000000084d00000, 0x0000000084e00000|  0%| F|  |TAMS 0x0000000084d00000| PB 0x0000000084d00000| Untracked 
|  12|0x0000000084e00000, 0x0000000084e00000, 0x0000000084f00000|  0%| F|  |TAMS 0x0000000084e00000| PB 0x0000000084e00000| Untracked 
|  13|0x0000000084f00000, 0x0000000084f00000, 0x0000000085000000|  0%| F|  |TAMS 0x0000000084f00000| PB 0x0000000084f00000| Untracked 
|  14|0x0000000085000000, 0x0000000085000000, 0x0000000085100000|  0%| F|  |TAMS 0x0000000085000000| PB 0x0000000085000000| Untracked 
|  15|0x0000000085100000, 0x0000000085100000, 0x0000000085200000|  0%| F|  |TAMS 0x0000000085100000| PB 0x0000000085100000| Untracked 
|  16|0x0000000085200000, 0x0000000085200000, 0x0000000085300000|  0%| F|  |TAMS 0x0000000085200000| PB 0x0000000085200000| Untracked 
|  17|0x0000000085300000, 0x0000000085300000, 0x0000000085400000|  0%| F|  |TAMS 0x0000000085300000| PB 0x0000000085300000| Untracked 
|  18|0x0000000085400000, 0x0000000085400000, 0x0000000085500000|  0%| F|  |TAMS 0x0000000085400000| PB 0x0000000085400000| Untracked 
|  19|0x0000000085500000, 0x0000000085500000, 0x0000000085600000|  0%| F|  |TAMS 0x0000000085500000| PB 0x0000000085500000| Untracked 
|  20|0x0000000085600000, 0x0000000085600000, 0x0000000085700000|  0%| F|  |TAMS 0x0000000085600000| PB 0x0000000085600000| Untracked 
|  21|0x0000000085700000, 0x0000000085700000, 0x0000000085800000|  0%| F|  |TAMS 0x0000000085700000| PB 0x0000000085700000| Untracked 
|  22|0x0000000085800000, 0x0000000085800000, 0x0000000085900000|  0%| F|  |TAMS 0x0000000085800000| PB 0x0000000085800000| Untracked 
|  23|0x0000000085900000, 0x0000000085900000, 0x0000000085a00000|  0%| F|  |TAMS 0x0000000085900000| PB 0x0000000085900000| Untracked 
|  24|0x0000000085a00000, 0x0000000085a00000, 0x0000000085b00000|  0%| F|  |TAMS 0x0000000085a00000| PB 0x0000000085a00000| Untracked 
|  25|0x0000000085b00000, 0x0000000085b00000, 0x0000000085c00000|  0%| F|  |TAMS 0x0000000085b00000| PB 0x0000000085b00000| Untracked 
|  26|0x0000000085c00000, 0x0000000085c00000, 0x0000000085d00000|  0%| F|  |TAMS 0x0000000085c00000| PB 0x0000000085c00000| Untracked 
|  27|0x0000000085d00000, 0x0000000085d00000, 0x0000000085e00000|  0%| F|  |TAMS 0x0000000085d00000| PB 0x0000000085d00000| Untracked 
|  28|0x0000000085e00000, 0x0000000085e00000, 0x0000000085f00000|  0%| F|  |TAMS 0x0000000085e00000| PB 0x0000000085e00000| Untracked 
|  29|0x0000000085f00000, 0x0000000085f00000, 0x0000000086000000|  0%| F|  |TAMS 0x0000000085f00000| PB 0x0000000085f00000| Untracked 
|  30|0x0000000086000000, 0x0000000086000000, 0x0000000086100000|  0%| F|  |TAMS 0x0000000086000000| PB 0x0000000086000000| Untracked 
|  31|0x0000000086100000, 0x0000000086100000, 0x0000000086200000|  0%| F|  |TAMS 0x0000000086100000| PB 0x0000000086100000| Untracked 
|  32|0x0000000086200000, 0x0000000086200000, 0x0000000086300000|  0%| F|  |TAMS 0x0000000086200000| PB 0x0000000086200000| Untracked 
|  33|0x0000000086300000, 0x0000000086300000, 0x0000000086400000|  0%| F|  |TAMS 0x0000000086300000| PB 0x0000000086300000| Untracked 
|  34|0x0000000086400000, 0x0000000086400000, 0x0000000086500000|  0%| F|  |TAMS 0x0000000086400000| PB 0x0000000086400000| Untracked 
|  35|0x0000000086500000, 0x0000000086500000, 0x0000000086600000|  0%| F|  |TAMS 0x0000000086500000| PB 0x0000000086500000| Untracked 
|  36|0x0000000086600000, 0x0000000086600000, 0x0000000086700000|  0%| F|  |TAMS 0x0000000086600000| PB 0x0000000086600000| Untracked 
|  37|0x0000000086700000, 0x0000000086700000, 0x0000000086800000|  0%| F|  |TAMS 0x0000000086700000| PB 0x0000000086700000| Untracked 
|  38|0x0000000086800000, 0x0000000086800000, 0x0000000086900000|  0%| F|  |TAMS 0x0000000086800000| PB 0x0000000086800000| Untracked 
|  39|0x0000000086900000, 0x0000000086900000, 0x0000000086a00000|  0%| F|  |TAMS 0x0000000086900000| PB 0x0000000086900000| Untracked 
|  40|0x0000000086a00000, 0x0000000086a00000, 0x0000000086b00000|  0%| F|  |TAMS 0x0000000086a00000| PB 0x0000000086a00000| Untracked 
|  41|0x0000000086b00000, 0x0000000086b00000, 0x0000000086c00000|  0%| F|  |TAMS 0x0000000086b00000| PB 0x0000000086b00000| Untracked 
|  42|0x0000000086c00000, 0x0000000086c00000, 0x0000000086d00000|  0%| F|  |TAMS 0x0000000086c00000| PB 0x0000000086c00000| Untracked 
|  43|0x0000000086d00000, 0x0000000086d00000, 0x0000000086e00000|  0%| F|  |TAMS 0x0000000086d00000| PB 0x0000000086d00000| Untracked 
|  44|0x0000000086e00000, 0x0000000086e00000, 0x0000000086f00000|  0%| F|  |TAMS 0x0000000086e00000| PB 0x0000000086e00000| Untracked 
|  45|0x0000000086f00000, 0x0000000086f00000, 0x0000000087000000|  0%| F|  |TAMS 0x0000000086f00000| PB 0x0000000086f00000| Untracked 
|  46|0x0000000087000000, 0x0000000087000000, 0x0000000087100000|  0%| F|  |TAMS 0x0000000087000000| PB 0x0000000087000000| Untracked 
|  47|0x0000000087100000, 0x0000000087100000, 0x0000000087200000|  0%| F|  |TAMS 0x0000000087100000| PB 0x0000000087100000| Untracked 
|  48|0x0000000087200000, 0x0000000087200000, 0x0000000087300000|  0%| F|  |TAMS 0x0000000087200000| PB 0x0000000087200000| Untracked 
|  49|0x0000000087300000, 0x0000000087300000, 0x0000000087400000|  0%| F|  |TAMS 0x0000000087300000| PB 0x0000000087300000| Untracked 
|  50|0x0000000087400000, 0x0000000087400000, 0x0000000087500000|  0%| F|  |TAMS 0x0000000087400000| PB 0x0000000087400000| Untracked 
|  51|0x0000000087500000, 0x0000000087500000, 0x0000000087600000|  0%| F|  |TAMS 0x0000000087500000| PB 0x0000000087500000| Untracked 
|  52|0x0000000087600000, 0x0000000087600000, 0x0000000087700000|  0%| F|  |TAMS 0x0000000087600000| PB 0x0000000087600000| Untracked 
|  53|0x0000000087700000, 0x0000000087700000, 0x0000000087800000|  0%| F|  |TAMS 0x0000000087700000| PB 0x0000000087700000| Untracked 
|  54|0x0000000087800000, 0x0000000087800000, 0x0000000087900000|  0%| F|  |TAMS 0x0000000087800000| PB 0x0000000087800000| Untracked 
|  55|0x0000000087900000, 0x0000000087900000, 0x0000000087a00000|  0%| F|  |TAMS 0x0000000087900000| PB 0x0000000087900000| Untracked 
|  56|0x0000000087a00000, 0x0000000087a00000, 0x0000000087b00000|  0%| F|  |TAMS 0x0000000087a00000| PB 0x0000000087a00000| Untracked 
|  57|0x0000000087b00000, 0x0000000087b00000, 0x0000000087c00000|  0%| F|  |TAMS 0x0000000087b00000| PB 0x0000000087b00000| Untracked 
|  58|0x0000000087c00000, 0x0000000087c00000, 0x0000000087d00000|  0%| F|  |TAMS 0x0000000087c00000| PB 0x0000000087c00000| Untracked 
|  59|0x0000000087d00000, 0x0000000087d00000, 0x0000000087e00000|  0%| F|  |TAMS 0x0000000087d00000| PB 0x0000000087d00000| Untracked 
|  60|0x0000000087e00000, 0x0000000087e00000, 0x0000000087f00000|  0%| F|  |TAMS 0x0000000087e00000| PB 0x0000000087e00000| Untracked 
|  61|0x0000000087f00000, 0x0000000087f00000, 0x0000000088000000|  0%| F|  |TAMS 0x0000000087f00000| PB 0x0000000087f00000| Untracked 
|  62|0x0000000088000000, 0x0000000088000000, 0x0000000088100000|  0%| F|  |TAMS 0x0000000088000000| PB 0x0000000088000000| Untracked 
|  63|0x0000000088100000, 0x0000000088100000, 0x0000000088200000|  0%| F|  |TAMS 0x0000000088100000| PB 0x0000000088100000| Untracked 
|  64|0x0000000088200000, 0x0000000088200000, 0x0000000088300000|  0%| F|  |TAMS 0x0000000088200000| PB 0x0000000088200000| Untracked 
|  65|0x0000000088300000, 0x0000000088300000, 0x0000000088400000|  0%| F|  |TAMS 0x0000000088300000| PB 0x0000000088300000| Untracked 
|  66|0x0000000088400000, 0x0000000088400000, 0x0000000088500000|  0%| F|  |TAMS 0x0000000088400000| PB 0x0000000088400000| Untracked 
|  67|0x0000000088500000, 0x0000000088500000, 0x0000000088600000|  0%| F|  |TAMS 0x0000000088500000| PB 0x0000000088500000| Untracked 
|  68|0x0000000088600000, 0x0000000088600000, 0x0000000088700000|  0%| F|  |TAMS 0x0000000088600000| PB 0x0000000088600000| Untracked 
|  69|0x0000000088700000, 0x0000000088700000, 0x0000000088800000|  0%| F|  |TAMS 0x0000000088700000| PB 0x0000000088700000| Untracked 
|  70|0x0000000088800000, 0x0000000088800000, 0x0000000088900000|  0%| F|  |TAMS 0x0000000088800000| PB 0x0000000088800000| Untracked 
|  71|0x0000000088900000, 0x0000000088900000, 0x0000000088a00000|  0%| F|  |TAMS 0x0000000088900000| PB 0x0000000088900000| Untracked 
|  72|0x0000000088a00000, 0x0000000088a00000, 0x0000000088b00000|  0%| F|  |TAMS 0x0000000088a00000| PB 0x0000000088a00000| Untracked 
|  73|0x0000000088b00000, 0x0000000088b00000, 0x0000000088c00000|  0%| F|  |TAMS 0x0000000088b00000| PB 0x0000000088b00000| Untracked 
|  74|0x0000000088c00000, 0x0000000088c00000, 0x0000000088d00000|  0%| F|  |TAMS 0x0000000088c00000| PB 0x0000000088c00000| Untracked 
|  75|0x0000000088d00000, 0x0000000088d00000, 0x0000000088e00000|  0%| F|  |TAMS 0x0000000088d00000| PB 0x0000000088d00000| Untracked 
|  76|0x0000000088e00000, 0x0000000088e00000, 0x0000000088f00000|  0%| F|  |TAMS 0x0000000088e00000| PB 0x0000000088e00000| Untracked 
|  77|0x0000000088f00000, 0x0000000088f00000, 0x0000000089000000|  0%| F|  |TAMS 0x0000000088f00000| PB 0x0000000088f00000| Untracked 
|  78|0x0000000089000000, 0x0000000089000000, 0x0000000089100000|  0%| F|  |TAMS 0x0000000089000000| PB 0x0000000089000000| Untracked 
|  79|0x0000000089100000, 0x0000000089100000, 0x0000000089200000|  0%| F|  |TAMS 0x0000000089100000| PB 0x0000000089100000| Untracked 
|  80|0x0000000089200000, 0x0000000089200000, 0x0000000089300000|  0%| F|  |TAMS 0x0000000089200000| PB 0x0000000089200000| Untracked 
|  81|0x0000000089300000, 0x0000000089300000, 0x0000000089400000|  0%| F|  |TAMS 0x0000000089300000| PB 0x0000000089300000| Untracked 
|  82|0x0000000089400000, 0x0000000089400000, 0x0000000089500000|  0%| F|  |TAMS 0x0000000089400000| PB 0x0000000089400000| Untracked 
|  83|0x0000000089500000, 0x0000000089500000, 0x0000000089600000|  0%| F|  |TAMS 0x0000000089500000| PB 0x0000000089500000| Untracked 
|  84|0x0000000089600000, 0x0000000089600000, 0x0000000089700000|  0%| F|  |TAMS 0x0000000089600000| PB 0x0000000089600000| Untracked 
|  85|0x0000000089700000, 0x0000000089700000, 0x0000000089800000|  0%| F|  |TAMS 0x0000000089700000| PB 0x0000000089700000| Untracked 
|  86|0x0000000089800000, 0x0000000089800000, 0x0000000089900000|  0%| F|  |TAMS 0x0000000089800000| PB 0x0000000089800000| Untracked 
|  87|0x0000000089900000, 0x0000000089900000, 0x0000000089a00000|  0%| F|  |TAMS 0x0000000089900000| PB 0x0000000089900000| Untracked 
|  88|0x0000000089a00000, 0x0000000089abda80, 0x0000000089b00000| 74%| S|CS|TAMS 0x0000000089a00000| PB 0x0000000089a00000| Complete 
|  89|0x0000000089b00000, 0x0000000089c00000, 0x0000000089c00000|100%| S|CS|TAMS 0x0000000089b00000| PB 0x0000000089b00000| Complete 
|  90|0x0000000089c00000, 0x0000000089c00000, 0x0000000089d00000|  0%| F|  |TAMS 0x0000000089c00000| PB 0x0000000089c00000| Untracked 
|  91|0x0000000089d00000, 0x0000000089d00000, 0x0000000089e00000|  0%| F|  |TAMS 0x0000000089d00000| PB 0x0000000089d00000| Untracked 
|  92|0x0000000089e00000, 0x0000000089e00000, 0x0000000089f00000|  0%| F|  |TAMS 0x0000000089e00000| PB 0x0000000089e00000| Untracked 
|  93|0x0000000089f00000, 0x0000000089f00000, 0x000000008a000000|  0%| F|  |TAMS 0x0000000089f00000| PB 0x0000000089f00000| Untracked 
|  94|0x000000008a000000, 0x000000008a000000, 0x000000008a100000|  0%| F|  |TAMS 0x000000008a000000| PB 0x000000008a000000| Untracked 
|  95|0x000000008a100000, 0x000000008a100000, 0x000000008a200000|  0%| F|  |TAMS 0x000000008a100000| PB 0x000000008a100000| Untracked 
|  96|0x000000008a200000, 0x000000008a200000, 0x000000008a300000|  0%| F|  |TAMS 0x000000008a200000| PB 0x000000008a200000| Untracked 
|  97|0x000000008a300000, 0x000000008a300000, 0x000000008a400000|  0%| F|  |TAMS 0x000000008a300000| PB 0x000000008a300000| Untracked 
|  98|0x000000008a400000, 0x000000008a400000, 0x000000008a500000|  0%| F|  |TAMS 0x000000008a400000| PB 0x000000008a400000| Untracked 
|  99|0x000000008a500000, 0x000000008a500000, 0x000000008a600000|  0%| F|  |TAMS 0x000000008a500000| PB 0x000000008a500000| Untracked 
| 100|0x000000008a600000, 0x000000008a600000, 0x000000008a700000|  0%| F|  |TAMS 0x000000008a600000| PB 0x000000008a600000| Untracked 
| 101|0x000000008a700000, 0x000000008a700000, 0x000000008a800000|  0%| F|  |TAMS 0x000000008a700000| PB 0x000000008a700000| Untracked 
| 102|0x000000008a800000, 0x000000008a800000, 0x000000008a900000|  0%| F|  |TAMS 0x000000008a800000| PB 0x000000008a800000| Untracked 
| 103|0x000000008a900000, 0x000000008a900000, 0x000000008aa00000|  0%| F|  |TAMS 0x000000008a900000| PB 0x000000008a900000| Untracked 
| 104|0x000000008aa00000, 0x000000008aa00000, 0x000000008ab00000|  0%| F|  |TAMS 0x000000008aa00000| PB 0x000000008aa00000| Untracked 
| 105|0x000000008ab00000, 0x000000008ab00000, 0x000000008ac00000|  0%| F|  |TAMS 0x000000008ab00000| PB 0x000000008ab00000| Untracked 
| 106|0x000000008ac00000, 0x000000008ac00000, 0x000000008ad00000|  0%| F|  |TAMS 0x000000008ac00000| PB 0x000000008ac00000| Untracked 
| 107|0x000000008ad00000, 0x000000008ad00000, 0x000000008ae00000|  0%| F|  |TAMS 0x000000008ad00000| PB 0x000000008ad00000| Untracked 
| 108|0x000000008ae00000, 0x000000008ae00000, 0x000000008af00000|  0%| F|  |TAMS 0x000000008ae00000| PB 0x000000008ae00000| Untracked 
| 109|0x000000008af00000, 0x000000008af00000, 0x000000008b000000|  0%| F|  |TAMS 0x000000008af00000| PB 0x000000008af00000| Untracked 
| 110|0x000000008b000000, 0x000000008b000000, 0x000000008b100000|  0%| F|  |TAMS 0x000000008b000000| PB 0x000000008b000000| Untracked 
| 111|0x000000008b100000, 0x000000008b100000, 0x000000008b200000|  0%| F|  |TAMS 0x000000008b100000| PB 0x000000008b100000| Untracked 
| 112|0x000000008b200000, 0x000000008b200000, 0x000000008b300000|  0%| F|  |TAMS 0x000000008b200000| PB 0x000000008b200000| Untracked 
| 113|0x000000008b300000, 0x000000008b300000, 0x000000008b400000|  0%| F|  |TAMS 0x000000008b300000| PB 0x000000008b300000| Untracked 
| 114|0x000000008b400000, 0x000000008b400000, 0x000000008b500000|  0%| F|  |TAMS 0x000000008b400000| PB 0x000000008b400000| Untracked 
| 115|0x000000008b500000, 0x000000008b500000, 0x000000008b600000|  0%| F|  |TAMS 0x000000008b500000| PB 0x000000008b500000| Untracked 
| 116|0x000000008b600000, 0x000000008b700000, 0x000000008b700000|100%| E|  |TAMS 0x000000008b600000| PB 0x000000008b600000| Complete 
| 117|0x000000008b700000, 0x000000008b800000, 0x000000008b800000|100%| E|CS|TAMS 0x000000008b700000| PB 0x000000008b700000| Complete 
| 118|0x000000008b800000, 0x000000008b900000, 0x000000008b900000|100%| E|CS|TAMS 0x000000008b800000| PB 0x000000008b800000| Complete 
| 119|0x000000008b900000, 0x000000008ba00000, 0x000000008ba00000|100%| E|CS|TAMS 0x000000008b900000| PB 0x000000008b900000| Complete 
| 120|0x000000008ba00000, 0x000000008bb00000, 0x000000008bb00000|100%| E|CS|TAMS 0x000000008ba00000| PB 0x000000008ba00000| Complete 
| 121|0x000000008bb00000, 0x000000008bc00000, 0x000000008bc00000|100%| E|CS|TAMS 0x000000008bb00000| PB 0x000000008bb00000| Complete 
| 122|0x000000008bc00000, 0x000000008bd00000, 0x000000008bd00000|100%| E|CS|TAMS 0x000000008bc00000| PB 0x000000008bc00000| Complete 
| 123|0x000000008bd00000, 0x000000008be00000, 0x000000008be00000|100%| E|CS|TAMS 0x000000008bd00000| PB 0x000000008bd00000| Complete 

Card table byte_map: [0x00000236fd720000,0x00000236fdb00000] _byte_map_base: 0x00000236fd2ff000

Marking Bits: (CMBitMap*) 0x00000236fcfa09c0
 Bits: [0x00000236fdb00000, 0x00000236ff9f8000)

Polling page: 0x00000236fad40000

Metaspace:

Usage:
  Non-class:      9.73 MB used.
      Class:      1.35 MB used.
       Both:     11.08 MB used.

Virtual space:
  Non-class space:       64.00 MB reserved,       9.81 MB ( 15%) committed,  1 nodes.
      Class space:        1.00 GB reserved,       1.44 MB ( <1%) committed,  1 nodes.
             Both:        1.06 GB reserved,      11.25 MB (  1%) committed. 

Chunk freelists:
   Non-Class:  4.88 MB
       Class:  14.59 MB
        Both:  19.47 MB

MaxMetaspaceSize: unlimited
CompressedClassSpaceSize: 1.00 GB
Initial GC threshold: 21.00 MB
Current GC threshold: 21.00 MB
CDS: on
 - commit_granule_bytes: 65536.
 - commit_granule_words: 8192.
 - virtual_space_node_default_size: 8388608.
 - enlarge_chunks_in_place: 1.
 - use_allocation_guard: 0.


Internal statistics:

num_allocs_failed_limit: 0.
num_arena_births: 110.
num_arena_deaths: 0.
num_vsnodes_births: 2.
num_vsnodes_deaths: 0.
num_space_committed: 180.
num_space_uncommitted: 0.
num_chunks_returned_to_freelist: 0.
num_chunks_taken_from_freelist: 484.
num_chunk_merges: 0.
num_chunk_splits: 335.
num_chunks_enlarged: 276.
num_inconsistent_stats: 0.

CodeHeap 'non-profiled nmethods': size=120000Kb used=897Kb max_used=897Kb free=119102Kb
 bounds [0x0000023690110000, 0x0000023690380000, 0x0000023697640000]
CodeHeap 'profiled nmethods': size=120000Kb used=3912Kb max_used=3912Kb free=116087Kb
 bounds [0x0000023688640000, 0x0000023688a20000, 0x000002368fb70000]
CodeHeap 'non-nmethods': size=5760Kb used=1501Kb max_used=1527Kb free=4258Kb
 bounds [0x000002368fb70000, 0x000002368fde0000, 0x0000023690110000]
CodeCache: size=245760Kb, used=6310Kb, max_used=6336Kb, free=239447Kb
 total_blobs=2562, nmethods=2096, adapters=370, full_count=0
Compilation: enabled, stopped_count=0, restarted_count=0

Compilation events (20 events):
Event: 1.847 Thread 0x0000023699b318e0 2015       3       com.google.inject.internal.Errors::withSource (29 bytes)
Event: 1.847 Thread 0x0000023699b318e0 nmethod 2015 0x00000236889f4410 code [0x00000236889f45e0, 0x00000236889f49a8]
Event: 1.847 Thread 0x0000023699b318e0 2016       3       com.google.inject.internal.Errors::<init> (23 bytes)
Event: 1.847 Thread 0x0000023699b318e0 nmethod 2016 0x00000236889f4a90 code [0x00000236889f4c40, 0x00000236889f4ec8]
Event: 1.847 Thread 0x0000023699b318e0 2017       3       com.google.inject.internal.AbstractProcessor::visitOther (6 bytes)
Event: 1.847 Thread 0x0000023699b318e0 nmethod 2017 0x00000236889f4f90 code [0x00000236889f5140, 0x00000236889f5398]
Event: 1.847 Thread 0x0000023699b318e0 2018       3       com.google.inject.internal.AbstractProcessor::visitOther (5 bytes)
Event: 1.847 Thread 0x0000023699b318e0 nmethod 2018 0x00000236889f5490 code [0x00000236889f5640, 0x00000236889f57c0]
Event: 1.847 Thread 0x0000023699b29940 nmethod 2019 0x00000236901ea790 code [0x00000236901ea920, 0x00000236901ea9c8]
Event: 1.850 Thread 0x0000023699b318e0 2020       1       jdk.internal.org.objectweb.asm.SymbolTable::getClassName (5 bytes)
Event: 1.850 Thread 0x0000023699b318e0 nmethod 2020 0x00000236901eaa90 code [0x00000236901eac20, 0x00000236901eace8]
Event: 1.850 Thread 0x0000023699b29940 2021       4       jdk.internal.org.objectweb.asm.Frame::execute (2305 bytes)
Event: 1.852 Thread 0x0000023699b318e0 2022       3       java.util.HashSet::<init> (16 bytes)
Event: 1.852 Thread 0x0000023699b318e0 nmethod 2022 0x00000236889f5890 code [0x00000236889f5a60, 0x00000236889f5e68]
Event: 1.852 Thread 0x0000023699b318e0 2023       3       java.lang.reflect.Proxy$ProxyBuilder::addElementTypes (33 bytes)
Event: 1.853 Thread 0x0000023699b318e0 nmethod 2023 0x00000236889f6010 code [0x00000236889f6220, 0x00000236889f68c8]
Event: 1.853 Thread 0x0000023699b318e0 2024       3       java.util.LinkedHashMap$LinkedValueIterator::next (8 bytes)
Event: 1.853 Thread 0x0000023699b318e0 nmethod 2024 0x00000236889f6b90 code [0x00000236889f6d40, 0x00000236889f6e80]
Event: 1.854 Thread 0x0000023699b318e0 2026       3       java.util.ArrayList::isClear (21 bytes)
Event: 1.854 Thread 0x0000023699b318e0 nmethod 2026 0x00000236889f6f90 code [0x00000236889f7140, 0x00000236889f72c0]

GC Heap History (4 events):
Event: 0.857 GC heap before
{Heap before GC invocations=0 (full 0):
 garbage-first heap   total 126976K, used 23552K [0x0000000084200000, 0x0000000100000000)
  region size 1024K, 23 young (23552K), 0 survivors (0K)
 Metaspace       used 5654K, committed 5888K, reserved 1114112K
  class space    used 670K, committed 768K, reserved 1048576K
}
Event: 0.864 GC heap after
{Heap after GC invocations=1 (full 0):
 garbage-first heap   total 126976K, used 3816K [0x0000000084200000, 0x0000000100000000)
  region size 1024K, 3 young (3072K), 3 survivors (3072K)
 Metaspace       used 5654K, committed 5888K, reserved 1114112K
  class space    used 670K, committed 768K, reserved 1048576K
}
Event: 1.575 GC heap before
{Heap before GC invocations=1 (full 0):
 garbage-first heap   total 126976K, used 35560K [0x0000000084200000, 0x0000000100000000)
  region size 1024K, 34 young (34816K), 3 survivors (3072K)
 Metaspace       used 9739K, committed 9984K, reserved 1114112K
  class space    used 1174K, committed 1280K, reserved 1048576K
}
Event: 1.584 GC heap after
{Heap after GC invocations=2 (full 0):
 garbage-first heap   total 126976K, used 5567K [0x0000000084200000, 0x0000000100000000)
  region size 1024K, 2 young (2048K), 2 survivors (2048K)
 Metaspace       used 9739K, committed 9984K, reserved 1114112K
  class space    used 1174K, committed 1280K, reserved 1048576K
}

Dll operation events (8 events):
Event: 0.015 Loaded shared library C:\Program Files\Java\jdk-21.0.8+9\bin\java.dll
Event: 0.070 Loaded shared library C:\Program Files\Java\jdk-21.0.8+9\bin\jsvml.dll
Event: 0.105 Loaded shared library C:\Program Files\Java\jdk-21.0.8+9\bin\net.dll
Event: 0.109 Loaded shared library C:\Program Files\Java\jdk-21.0.8+9\bin\nio.dll
Event: 0.118 Loaded shared library C:\Program Files\Java\jdk-21.0.8+9\bin\zip.dll
Event: 0.379 Loaded shared library C:\Program Files\Java\jdk-21.0.8+9\bin\jimage.dll
Event: 0.383 Loaded shared library C:\Users\jorge\Apache\apache-maven-3.9.11\lib\jansi-native\Windows\x86_64\jansi.dll
Event: 0.400 Loaded shared library C:\Program Files\Java\jdk-21.0.8+9\bin\verify.dll

Deoptimization events (20 events):
Event: 1.570 Thread 0x00000236fcf4f690 DEOPT PACKING pc=0x000002369019cae8 sp=0x0000007b38cfe900
Event: 1.570 Thread 0x00000236fcf4f690 DEOPT UNPACKING pc=0x000002368fbc7da2 sp=0x0000007b38cfe878 mode 2
Event: 1.781 Thread 0x00000236fcf4f690 Uncommon trap: trap_request=0xffffff45 fr.pc=0x00000236901d3a64 relative=0x00000000000002a4
Event: 1.781 Thread 0x00000236fcf4f690 Uncommon trap: reason=unstable_if action=reinterpret pc=0x00000236901d3a64 method=java.util.concurrent.ConcurrentHashMap.get(Ljava/lang/Object;)Ljava/lang/Object; @ 76 c2
Event: 1.781 Thread 0x00000236fcf4f690 DEOPT PACKING pc=0x00000236901d3a64 sp=0x0000007b38cfb890
Event: 1.781 Thread 0x00000236fcf4f690 DEOPT UNPACKING pc=0x000002368fbc7da2 sp=0x0000007b38cfb808 mode 2
Event: 1.796 Thread 0x00000236fcf4f690 Uncommon trap: trap_request=0xffffff45 fr.pc=0x0000023690191124 relative=0x0000000000000624
Event: 1.796 Thread 0x00000236fcf4f690 Uncommon trap: reason=unstable_if action=reinterpret pc=0x0000023690191124 method=java.lang.Integer.getChars(II[B)I @ 25 c2
Event: 1.796 Thread 0x00000236fcf4f690 DEOPT PACKING pc=0x0000023690191124 sp=0x0000007b38cfe2f0
Event: 1.796 Thread 0x00000236fcf4f690 DEOPT UNPACKING pc=0x000002368fbc7da2 sp=0x0000007b38cfe238 mode 2
Event: 1.817 Thread 0x00000236fcf4f690 Uncommon trap: trap_request=0xffffff45 fr.pc=0x00000236901b0968 relative=0x0000000000000228
Event: 1.817 Thread 0x00000236fcf4f690 Uncommon trap: reason=unstable_if action=reinterpret pc=0x00000236901b0968 method=java.lang.ClassLoader.checkName(Ljava/lang/String;)Z @ 1 c2
Event: 1.817 Thread 0x00000236fcf4f690 DEOPT PACKING pc=0x00000236901b0968 sp=0x0000007b38cfe060
Event: 1.817 Thread 0x00000236fcf4f690 DEOPT UNPACKING pc=0x000002368fbc7da2 sp=0x0000007b38cfdff8 mode 2
Event: 1.832 Thread 0x00000236fcf4f690 Uncommon trap: trap_request=0xffffff45 fr.pc=0x00000236901e1048 relative=0x0000000000000308
Event: 1.832 Thread 0x00000236fcf4f690 Uncommon trap: reason=unstable_if action=reinterpret pc=0x00000236901e1048 method=jdk.internal.org.objectweb.asm.SymbolTable.put(Ljdk/internal/org/objectweb/asm/SymbolTable$Entry;)Ljdk/internal/org/objectweb/asm/SymbolTable$Entry; @ 13 c2
Event: 1.832 Thread 0x00000236fcf4f690 DEOPT PACKING pc=0x00000236901e1048 sp=0x0000007b38cfdd20
Event: 1.832 Thread 0x00000236fcf4f690 DEOPT UNPACKING pc=0x000002368fbc7da2 sp=0x0000007b38cfdca0 mode 2
Event: 1.865 Thread 0x00000236fcf4f690 DEOPT PACKING pc=0x00000236889e3a5c sp=0x0000007b38cfe540
Event: 1.865 Thread 0x00000236fcf4f690 DEOPT UNPACKING pc=0x000002368fbc88e2 sp=0x0000007b38cfdaa0 mode 0

Classes loaded (20 events):
Event: 1.668 Loading class java/nio/channels/OverlappingFileLockException
Event: 1.671 Loading class java/nio/channels/OverlappingFileLockException done
Event: 1.671 Loading class java/nio/channels/FileLock
Event: 1.671 Loading class java/nio/channels/FileLock done
Event: 1.705 Loading class java/nio/file/AccessDeniedException
Event: 1.705 Loading class java/nio/file/AccessDeniedException done
Event: 1.771 Loading class java/lang/ExceptionInInitializerError
Event: 1.771 Loading class java/lang/ExceptionInInitializerError done
Event: 1.772 Loading class sun/misc/Unsafe
Event: 1.773 Loading class sun/misc/Unsafe done
Event: 1.774 Loading class java/lang/invoke/DirectMethodHandle$StaticAccessor
Event: 1.775 Loading class java/lang/invoke/DirectMethodHandle$StaticAccessor done
Event: 1.780 Loading class jdk/internal/vm/annotation/ForceInline
Event: 1.781 Loading class jdk/internal/vm/annotation/ForceInline done
Event: 1.804 Loading class sun/invoke/util/ValueConversions$1
Event: 1.805 Loading class sun/invoke/util/ValueConversions$1 done
Event: 1.806 Loading class java/lang/invoke/BoundMethodHandle$Species_LI
Event: 1.806 Loading class java/lang/invoke/BoundMethodHandle$Species_LI done
Event: 1.813 Loading class jdk/internal/org/objectweb/asm/ClassReader
Event: 1.815 Loading class jdk/internal/org/objectweb/asm/ClassReader done

Classes unloaded (0 events):
No events

Classes redefined (0 events):
No events

Internal exceptions (20 events):
Event: 0.413 Thread 0x00000236fcf4f690 Exception <a 'java/lang/NoSuchMethodError'{0x000000008b70d7b0}: 'void java.lang.invoke.DirectMethodHandle$Holder.invokeStaticInit(java.lang.Object, java.lang.Object)'> (0x000000008b70d7b0) 
thrown [s\src\hotspot\share\interpreter\linkResolver.cpp, line 773]
Event: 0.427 Thread 0x00000236fcf4f690 Exception <a 'java/lang/NoSuchMethodError'{0x000000008b7592d0}: 'void java.lang.invoke.DirectMethodHandle$Holder.invokeStatic(java.lang.Object, java.lang.Object, java.lang.Object)'> (0x000000008b7592d0) 
thrown [s\src\hotspot\share\interpreter\linkResolver.cpp, line 773]
Event: 0.499 Thread 0x00000236fcf4f690 Exception <a 'java/lang/NoSuchMethodError'{0x000000008b6da8c8}: 'java.lang.Object java.lang.invoke.DirectMethodHandle$Holder.invokeSpecialIFC(java.lang.Object, java.lang.Object, java.lang.Object, java.lang.Object)'> (0x000000008b6da8c8) 
thrown [s\src\hotspot\share\interpreter\linkResolver.cpp, line 773]
Event: 0.673 Thread 0x00000236fcf4f690 Exception <a 'java/lang/NoSuchMethodError'{0x000000008b0b2c00}: 'void java.lang.invoke.DirectMethodHandle$Holder.invokeSpecial(java.lang.Object, java.lang.Object, java.lang.Object)'> (0x000000008b0b2c00) 
thrown [s\src\hotspot\share\interpreter\linkResolver.cpp, line 773]
Event: 0.709 Thread 0x00000236fcf4f690 Exception <a 'java/lang/NoSuchMethodError'{0x000000008ae0fec0}: 'java.lang.Object java.lang.invoke.DirectMethodHandle$Holder.invokeInterface(java.lang.Object, java.lang.Object)'> (0x000000008ae0fec0) 
thrown [s\src\hotspot\share\interpreter\linkResolver.cpp, line 773]
Event: 0.724 Thread 0x00000236fcf4f690 Exception <a 'java/lang/NoSuchMethodError'{0x000000008aeb1848}: 'int java.lang.invoke.DirectMethodHandle$Holder.invokeStatic(java.lang.Object, java.lang.Object, java.lang.Object, java.lang.Object)'> (0x000000008aeb1848) 
thrown [s\src\hotspot\share\interpreter\linkResolver.cpp, line 773]
Event: 0.724 Thread 0x00000236fcf4f690 Exception <a 'java/lang/NoSuchMethodError'{0x000000008aeb4f18}: 'java.lang.Object java.lang.invoke.Invokers$Holder.invokeExact_MT(java.lang.Object, java.lang.Object, java.lang.Object, java.lang.Object, java.lang.Object, java.lang.Object)'> (0x000000008aeb4f18) 
thrown [s\src\hotspot\share\interpreter\linkResolver.cpp, line 773]
Event: 0.726 Thread 0x00000236fcf4f690 Exception <a 'java/lang/NoSuchMethodError'{0x000000008aec3a30}: 'int java.lang.invoke.DirectMethodHandle$Holder.invokeSpecialIFC(java.lang.Object, java.lang.Object, java.lang.Object, java.lang.Object, java.lang.Object)'> (0x000000008aec3a30) 
thrown [s\src\hotspot\share\interpreter\linkResolver.cpp, line 773]
Event: 0.771 Thread 0x00000236fcf4f690 Exception <a 'java/lang/NoSuchMethodError'{0x000000008ac64d00}: 'java.lang.Object java.lang.invoke.DirectMethodHandle$Holder.newInvokeSpecial(java.lang.Object, java.lang.Object, java.lang.Object, java.lang.Object, java.lang.Object)'> (0x000000008ac64d00) 
thrown [s\src\hotspot\share\interpreter\linkResolver.cpp, line 773]
Event: 0.796 Thread 0x00000236fcf4f690 Exception <a 'java/lang/NoSuchMethodError'{0x000000008ab86428}: 'int java.lang.invoke.DirectMethodHandle$Holder.invokeStaticInit(java.lang.Object, java.lang.Object)'> (0x000000008ab86428) 
thrown [s\src\hotspot\share\interpreter\linkResolver.cpp, line 773]
Event: 0.804 Thread 0x00000236fcf4f690 Exception <a 'java/lang/NoClassDefFoundError'{0x000000008abbdd90}: javax/enterprise/inject/Typed> (0x000000008abbdd90) 
thrown [s\src\hotspot\share\classfile\systemDictionary.cpp, line 301]
Event: 1.762 Thread 0x00000236fcf4f690 Exception <a 'java/lang/NoSuchMethodError'{0x000000008b960590}: 'void java.lang.invoke.DirectMethodHandle$Holder.invokeStaticInit(java.lang.Object, java.lang.Object, java.lang.Object)'> (0x000000008b960590) 
thrown [s\src\hotspot\share\interpreter\linkResolver.cpp, line 773]
Event: 1.778 Thread 0x00000236fcf4f690 Exception <a 'java/lang/ExceptionInInitializerError'{0x000000008b98e748}> (0x000000008b98e748) 
thrown [s\src\hotspot\share\oops\instanceKlass.cpp, line 1220]
Event: 1.806 Thread 0x00000236fcf4f690 Exception <a 'java/lang/NoSuchMethodError'{0x000000008b9f9080}: 'long java.lang.invoke.DirectMethodHandle$Holder.invokeStatic(java.lang.Object, java.lang.Object, int)'> (0x000000008b9f9080) 
thrown [s\src\hotspot\share\interpreter\linkResolver.cpp, line 773]
Event: 1.807 Thread 0x00000236fcf4f690 Exception <a 'java/lang/NoSuchMethodError'{0x000000008b80c828}: 'java.lang.Object java.lang.invoke.DirectMethodHandle$Holder.invokeStatic(java.lang.Object, java.lang.Object, java.lang.Object, java.lang.Object, int)'> (0x000000008b80c828) 
thrown [s\src\hotspot\share\interpreter\linkResolver.cpp, line 773]
Event: 1.809 Thread 0x00000236fcf4f690 Exception <a 'java/lang/NoSuchMethodError'{0x000000008b814a00}: 'java.lang.Object java.lang.invoke.DirectMethodHandle$Holder.invokeSpecial(java.lang.Object, java.lang.Object, java.lang.Object, java.lang.Object, long)'> (0x000000008b814a00) 
thrown [s\src\hotspot\share\interpreter\linkResolver.cpp, line 773]
Event: 1.810 Thread 0x00000236fcf4f690 Exception <a 'java/lang/NoSuchMethodError'{0x000000008b820800}: 'java.lang.Object java.lang.invoke.DirectMethodHandle$Holder.invokeSpecial(java.lang.Object, java.lang.Object, java.lang.Object, int, java.lang.Object)'> (0x000000008b820800) 
thrown [s\src\hotspot\share\interpreter\linkResolver.cpp, line 773]
Event: 1.811 Thread 0x00000236fcf4f690 Exception <a 'java/lang/NoSuchMethodError'{0x000000008b828b50}: 'int java.lang.invoke.DirectMethodHandle$Holder.invokeSpecial(java.lang.Object, java.lang.Object, java.lang.Object, int)'> (0x000000008b828b50) 
thrown [s\src\hotspot\share\interpreter\linkResolver.cpp, line 773]
Event: 1.817 Thread 0x00000236fcf4f690 Implicit null exception at 0x00000236901b075a to 0x00000236901b0954
Event: 1.819 Thread 0x00000236fcf4f690 Exception <a 'java/lang/NoSuchMethodError'{0x000000008b84d7e0}: 'java.lang.Object java.lang.invoke.Invokers$Holder.invokeExact_MT(java.lang.Object, int, java.lang.Object)'> (0x000000008b84d7e0) 
thrown [s\src\hotspot\share\interpreter\linkResolver.cpp, line 773]

ZGC Phase Switch (0 events):
No events

VM Operations (20 events):
Event: 0.810 Executing VM operation: ICBufferFull
Event: 0.810 Executing VM operation: ICBufferFull done
Event: 0.857 Executing VM operation: G1CollectForAllocation (G1 Evacuation Pause)
Event: 0.864 Executing VM operation: G1CollectForAllocation (G1 Evacuation Pause) done
Event: 1.246 Executing VM operation: HandshakeAllThreads (Deoptimize)
Event: 1.246 Executing VM operation: HandshakeAllThreads (Deoptimize) done
Event: 1.446 Executing VM operation: HandshakeAllThreads (Deoptimize)
Event: 1.446 Executing VM operation: HandshakeAllThreads (Deoptimize) done
Event: 1.528 Executing VM operation: ICBufferFull
Event: 1.528 Executing VM operation: ICBufferFull done
Event: 1.575 Executing VM operation: G1CollectForAllocation (G1 Evacuation Pause)
Event: 1.584 Executing VM operation: G1CollectForAllocation (G1 Evacuation Pause) done
Event: 1.792 Executing VM operation: HandshakeAllThreads (Deoptimize)
Event: 1.792 Executing VM operation: HandshakeAllThreads (Deoptimize) done
Event: 1.862 Executing VM operation: HandshakeAllThreads (Deoptimize)
Event: 1.862 Executing VM operation: HandshakeAllThreads (Deoptimize) done
Event: 1.864 Executing VM operation: HandshakeAllThreads (Deoptimize)
Event: 1.864 Executing VM operation: HandshakeAllThreads (Deoptimize) done
Event: 2.873 Executing VM operation: Cleanup
Event: 2.874 Executing VM operation: Cleanup done

Memory protections (0 events):
No events

Nmethod flushes (0 events):
No events

Events (17 events):
Event: 0.038 Thread 0x00000236fcf4f690 Thread added: 0x00000236fcf4f690
Event: 0.062 Thread 0x00000236fcf4f690 Thread added: 0x0000023699b1c1e0
Event: 0.062 Thread 0x00000236fcf4f690 Thread added: 0x0000023699b1cc30
Event: 0.063 Thread 0x00000236fcf4f690 Thread added: 0x0000023699b1f830
Event: 0.063 Thread 0x00000236fcf4f690 Thread added: 0x0000023699b214f0
Event: 0.063 Thread 0x00000236fcf4f690 Thread added: 0x0000023699b221c0
Event: 0.063 Thread 0x00000236fcf4f690 Thread added: 0x0000023699b243c0
Event: 0.063 Thread 0x00000236fcf4f690 Thread added: 0x0000023699b29940
Event: 0.063 Thread 0x00000236fcf4f690 Thread added: 0x0000023699b318e0
Event: 0.092 Thread 0x00000236fcf4f690 Thread added: 0x0000023699d046c0
Event: 0.097 Thread 0x00000236fcf4f690 Thread added: 0x0000023699d090b0
Event: 0.376 Thread 0x00000236fcf4f690 Thread added: 0x0000023699f7e360
Event: 0.528 Thread 0x0000023699f7e360 Thread exited: 0x0000023699f7e360
Event: 0.819 Thread 0x0000023699b318e0 Thread added: 0x00000236df79ba20
Event: 0.830 Thread 0x0000023699b318e0 Thread added: 0x00000236df79c7c0
Event: 1.381 Thread 0x00000236df79c7c0 Thread exited: 0x00000236df79c7c0
Event: 1.722 Thread 0x00000236df79ba20 Thread exited: 0x00000236df79ba20


Dynamic libraries:
0x00007ff711a70000 - 0x00007ff711a7e000 	C:\Program Files\Java\jdk-21.0.8+9\bin\java.exe
0x00007ffacc360000 - 0x00007ffacc5c8000 	C:\WINDOWS\SYSTEM32\ntdll.dll
0x00007ffacb370000 - 0x00007ffacb439000 	C:\WINDOWS\System32\KERNEL32.DLL
0x00007ffac98c0000 - 0x00007ffac9cb2000 	C:\WINDOWS\System32\KERNELBASE.dll
0x00007ffac9cc0000 - 0x00007ffac9e0b000 	C:\WINDOWS\System32\ucrtbase.dll
0x00007ffaa0680000 - 0x00007ffaa069e000 	C:\Program Files\Java\jdk-21.0.8+9\bin\VCRUNTIME140.dll
0x00007ffa5f560000 - 0x00007ffa5f578000 	C:\Program Files\Java\jdk-21.0.8+9\bin\jli.dll
0x00007ffacb980000 - 0x00007ffacbb45000 	C:\WINDOWS\System32\USER32.dll
0x00007ffab1430000 - 0x00007ffab16c3000 	C:\WINDOWS\WinSxS\amd64_microsoft.windows.common-controls_6595b64144ccf1df_6.0.26100.6899_none_3e0efeeae32e88c1\COMCTL32.dll
0x00007ffac9e10000 - 0x00007ffac9e37000 	C:\WINDOWS\System32\win32u.dll
0x00007ffacb470000 - 0x00007ffacb519000 	C:\WINDOWS\System32\msvcrt.dll
0x00007ffacbe80000 - 0x00007ffacbeab000 	C:\WINDOWS\System32\GDI32.dll
0x00007ffac9790000 - 0x00007ffac98bd000 	C:\WINDOWS\System32\gdi32full.dll
0x00007ffac9e40000 - 0x00007ffac9ee3000 	C:\WINDOWS\System32\msvcp_win.dll
0x00007ffaca3c0000 - 0x00007ffaca3ef000 	C:\WINDOWS\System32\IMM32.DLL
0x00007ffab2870000 - 0x00007ffab287c000 	C:\Program Files\Java\jdk-21.0.8+9\bin\vcruntime140_1.dll
0x00007ffab2790000 - 0x00007ffab281d000 	C:\Program Files\Java\jdk-21.0.8+9\bin\msvcp140.dll
0x00007ffa58810000 - 0x00007ffa595a7000 	C:\Program Files\Java\jdk-21.0.8+9\bin\server\jvm.dll
0x00007ffacb2b0000 - 0x00007ffacb364000 	C:\WINDOWS\System32\ADVAPI32.dll
0x00007ffacbdd0000 - 0x00007ffacbe76000 	C:\WINDOWS\System32\sechost.dll
0x00007ffaca2a0000 - 0x00007ffaca3b8000 	C:\WINDOWS\System32\RPCRT4.dll
0x00007ffacbeb0000 - 0x00007ffacbf24000 	C:\WINDOWS\System32\WS2_32.dll
0x00007ffac9350000 - 0x00007ffac93ae000 	C:\WINDOWS\SYSTEM32\POWRPROF.dll
0x00007ffac6ec0000 - 0x00007ffac6ef5000 	C:\WINDOWS\SYSTEM32\WINMM.dll
0x00007ffac0de0000 - 0x00007ffac0deb000 	C:\WINDOWS\SYSTEM32\VERSION.dll
0x00007ffac9330000 - 0x00007ffac9344000 	C:\WINDOWS\SYSTEM32\UMPDC.dll
0x00007ffac82c0000 - 0x00007ffac82db000 	C:\WINDOWS\SYSTEM32\kernel.appcore.dll
0x00007ffab2520000 - 0x00007ffab252a000 	C:\Program Files\Java\jdk-21.0.8+9\bin\jimage.dll
0x00007ffac6a70000 - 0x00007ffac6cb2000 	C:\WINDOWS\SYSTEM32\DBGHELP.DLL
0x00007ffacbfa0000 - 0x00007ffacc31b000 	C:\WINDOWS\System32\combase.dll
0x00007ffacb8a0000 - 0x00007ffacb977000 	C:\WINDOWS\System32\OLEAUT32.dll
0x00007ffac6cc0000 - 0x00007ffac6cfc000 	C:\WINDOWS\SYSTEM32\dbgcore.DLL
0x00007ffac9580000 - 0x00007ffac9618000 	C:\WINDOWS\System32\bcryptPrimitives.dll
0x00007ffa9f700000 - 0x00007ffa9f71f000 	C:\Program Files\Java\jdk-21.0.8+9\bin\java.dll
0x00007ffaca400000 - 0x00007ffacab4d000 	C:\WINDOWS\System32\SHELL32.dll
0x00007ffac9620000 - 0x00007ffac978b000 	C:\WINDOWS\System32\wintypes.dll
0x00007ffac7120000 - 0x00007ffac797d000 	C:\WINDOWS\SYSTEM32\windows.storage.dll
0x00007ffacb060000 - 0x00007ffacb152000 	C:\WINDOWS\System32\SHCORE.dll
0x00007ffacbf30000 - 0x00007ffacbf92000 	C:\WINDOWS\System32\shlwapi.dll
0x00007ffac9410000 - 0x00007ffac9439000 	C:\WINDOWS\SYSTEM32\profapi.dll
0x00007ffa7fe30000 - 0x00007ffa7ff07000 	C:\Program Files\Java\jdk-21.0.8+9\bin\jsvml.dll
0x00007ffab1db0000 - 0x00007ffab1dc0000 	C:\Program Files\Java\jdk-21.0.8+9\bin\net.dll
0x00007ffaba8c0000 - 0x00007ffaba9df000 	C:\WINDOWS\SYSTEM32\WINHTTP.dll
0x00007ffac8830000 - 0x00007ffac889b000 	C:\WINDOWS\system32\mswsock.dll
0x00007ffa9efd0000 - 0x00007ffa9efe6000 	C:\Program Files\Java\jdk-21.0.8+9\bin\nio.dll
0x00007ffa9ee40000 - 0x00007ffa9ee58000 	C:\Program Files\Java\jdk-21.0.8+9\bin\zip.dll
0x00007ffab28a0000 - 0x00007ffab28c4000 	C:\Users\jorge\Apache\apache-maven-3.9.11\lib\jansi-native\Windows\x86_64\jansi.dll
0x00007ffab1860000 - 0x00007ffab1870000 	C:\Program Files\Java\jdk-21.0.8+9\bin\verify.dll

JVMTI agents: none

dbghelp: loaded successfully - version: 4.0.5 - missing functions: none
symbol engine: initialized successfully - sym options: 0x614 - pdb path: .;C:\Program Files\Java\jdk-21.0.8+9\bin;C:\WINDOWS\SYSTEM32;C:\WINDOWS\WinSxS\amd64_microsoft.windows.common-controls_6595b64144ccf1df_6.0.26100.6899_none_3e0efeeae32e88c1;C:\Program Files\Java\jdk-21.0.8+9\bin\server;C:\Users\jorge\Apache\apache-maven-3.9.11\lib\jansi-native\Windows\x86_64

VM Arguments:
jvm_args: --enable-native-access=ALL-UNNAMED -Dclassworlds.conf=C:\Users\jorge\Apache\apache-maven-3.9.11\bin\m2.conf -Dmaven.home=C:\Users\jorge\Apache\apache-maven-3.9.11 -Dlibrary.jansi.path=C:\Users\jorge\Apache\apache-maven-3.9.11\lib\jansi-native -Dmaven.multiModuleProjectDirectory=C:\Users\jorge\Desktop\Projetos\Java\PetConnect 
java_command: org.codehaus.plexus.classworlds.launcher.Launcher -Dexec.args=-classpath %classpath exemplo.jpa.TesteJPA -Dexec.executable=C:\Program Files\Java\jdk-21.0.8+9\bin\java.exe -Dexec.workingdir= -Dexec.vmArgs= -Dexec.appArgs= -Dmaven.ext.class.path=C:\Program Files\NetBeans-25\netbeans\java\maven-nblib\netbeans-eventspy.jar --no-transfer-progress process-classes org.codehaus.mojo:exec-maven-plugin:3.0.0:exec
java_class_path (initial): C:\Users\jorge\Apache\apache-maven-3.9.11\boot\plexus-classworlds-2.9.0.jar
Launcher Type: SUN_STANDARD

[Global flags]
     intx CICompilerCount                          = 4                                         {product} {ergonomic}
     uint ConcGCThreads                            = 2                                         {product} {ergonomic}
     uint G1ConcRefinementThreads                  = 8                                         {product} {ergonomic}
   size_t G1HeapRegionSize                         = 1048576                                   {product} {ergonomic}
    uintx GCDrainStackTargetSize                   = 64                                        {product} {ergonomic}
   size_t InitialHeapSize                          = 130023424                                 {product} {ergonomic}
   size_t MarkStackSize                            = 4194304                                   {product} {ergonomic}
   size_t MaxHeapSize                              = 2078277632                                {product} {ergonomic}
   size_t MaxNewSize                               = 1246756864                                {product} {ergonomic}
   size_t MinHeapDeltaBytes                        = 1048576                                   {product} {ergonomic}
   size_t MinHeapSize                              = 8388608                                   {product} {ergonomic}
    uintx NonNMethodCodeHeapSize                   = 5839372                                {pd product} {ergonomic}
    uintx NonProfiledCodeHeapSize                  = 122909434                              {pd product} {ergonomic}
    uintx ProfiledCodeHeapSize                     = 122909434                              {pd product} {ergonomic}
    uintx ReservedCodeCacheSize                    = 251658240                              {pd product} {ergonomic}
     bool SegmentedCodeCache                       = true                                      {product} {ergonomic}
   size_t SoftMaxHeapSize                          = 2078277632                             {manageable} {ergonomic}
     bool UseCompressedOops                        = true                           {product lp64_product} {ergonomic}
     bool UseG1GC                                  = true                                      {product} {ergonomic}
     bool UseLargePagesIndividualAllocation        = false                                  {pd product} {ergonomic}

Logging:
Log output configuration:
 #0: stdout all=warning uptime,level,tags foldmultilines=false
 #1: stderr all=off uptime,level,tags foldmultilines=false

Environment Variables:
JAVA_HOME=C:\Program Files\Java\jdk-21.0.8+9
PATH=C:\Program Files\Eclipse Adoptium\jdk-21.0.8.9-hotspot\bin;C:\Program Files\Eclipse Adoptium\jdk-17.0.15.6-hotspot\bin;C:\Program Files\Common Files\Oracle\Java\javapath;C:\WINDOWS\system32;C:\WINDOWS;C:\WINDOWS\System32\Wbem;C:\WINDOWS\System32\WindowsPowerShell\v1.0\;C:\WINDOWS\System32\OpenSSH\;C:\Program Files\dotnet\;C:\Program Files\nodejs\;C:\Program Files\Java\jdk-21\bin;C:\Program Files (x86)\BaseX\bin;C:\Program Files\Git\cmd;C:\Program Files\Java\jdk-21\bin;;C:\Program Files\Docker\Docker\resources\bin;C:\Program Files\TortoiseSVN\bin;C:\Users\jorge\AppData\Local\Microsoft\WindowsApps;C:\Program Files\JetBrains\PyCharm 2023.2.1\bin;;C:\Users\jorge\AppData\Roaming\npm;C:\Users\jorge\AppData\Local\Programs\Microsoft VS Code\bin;C:\Program Files\MySQL\MySQL Server 8.0\bin;C:\fossil\;C:\Users\jorge\Apache\apache-maven-3.9.11\bin;
USERNAME=jorge
OS=Windows_NT
PROCESSOR_IDENTIFIER=Intel64 Family 6 Model 140 Stepping 1, GenuineIntel
TMP=C:\Users\jorge\AppData\Local\Temp
TEMP=C:\Users\jorge\AppData\Local\Temp




Periodic native trim disabled

---------------  S Y S T E M  ---------------

OS:
 Windows 11 , 64 bit Build 26100 (10.0.26100.6725)
OS uptime: 21 days 21:32 hours
Hyper-V role detected

CPU: total 8 (initial active 8) (4 cores per cpu, 2 threads per core) family 6 model 140 stepping 1 microcode 0xbc, cx8, cmov, fxsr, ht, mmx, 3dnowpref, sse, sse2, sse3, ssse3, sse4.1, sse4.2, popcnt, lzcnt, tsc, tscinvbit, avx, avx2, aes, erms, clmul, bmi1, bmi2, adx, avx512f, avx512dq, avx512cd, avx512bw, avx512vl, sha, fma, vzeroupper, avx512_vpopcntdq, avx512_vpclmulqdq, avx512_vaes, avx512_vnni, clflush, clflushopt, clwb, avx512_vbmi2, avx512_vbmi, hv, rdtscp, rdpid, fsrm, gfni, avx512_bitalg, f16c, cet_ibt, cet_ss, avx512_ifma
Processor Information for processor 0
  Max Mhz: 2419, Current Mhz: 2419, Mhz Limit: 2419
Processor Information for processor 1
  Max Mhz: 2419, Current Mhz: 2419, Mhz Limit: 2419
Processor Information for processor 2
  Max Mhz: 2419, Current Mhz: 2419, Mhz Limit: 2419
Processor Information for processor 3
  Max Mhz: 2419, Current Mhz: 2419, Mhz Limit: 2419
Processor Information for processor 4
  Max Mhz: 2419, Current Mhz: 2419, Mhz Limit: 2419
Processor Information for processor 5
  Max Mhz: 2419, Current Mhz: 1007, Mhz Limit: 2419
Processor Information for processor 6
  Max Mhz: 2419, Current Mhz: 1007, Mhz Limit: 2419
Processor Information for processor 7
  Max Mhz: 2419, Current Mhz: 1007, Mhz Limit: 2419

Memory: 4k page, system-wide physical 7926M (560M free)
TotalPageFile size 32502M (AvailPageFile size 5M)
current process WorkingSet (physical memory assigned to process): 113M, peak: 113M
current process commit charge ("private bytes"): 237M, peak: 238M

vm_info: OpenJDK 64-Bit Server VM (21.0.8+9-LTS) for windows-amd64 JRE (21.0.8+9-LTS), built on 2025-07-15T00:00:00Z by "admin" with MS VC++ 17.7 (VS2022)

END.
